[20:28:12] [main/INFO] [FML/]: Forge Mod Loader version 7.99.4.1614 for Minecraft 1.7.10 loading
[20:28:13] [main/INFO] [FML/]: Java is Java HotSpot(TM) 64-Bit Server VM, version 1.8.0_121, running on Linux:amd64:4.15.0-54-generic, installed at /usr/java/jdk1.8.0_121/jre
[20:28:13] [main/INFO] [STDERR/]: [pw.prok.imagine.ImagineLoadingPlugin:<clinit>:26]: Loading plugin initialized!
[20:28:19] [main/INFO] [STDERR/]: [java.lang.Throwable$WrappedPrintStream:println:748]: java.lang.NoClassDefFoundError: net/minecraftforge/fml/relauncher/IFMLLoadingPlugin
[20:28:19] [main/INFO] [STDERR/]: [java.lang.Throwable$WrappedPrintStream:println:748]: 	at java.lang.ClassLoader.defineClass1(Native Method)
[20:28:19] [main/INFO] [STDERR/]: [java.lang.Throwable$WrappedPrintStream:println:748]: 	at java.lang.ClassLoader.defineClass(ClassLoader.java:763)
[20:28:19] [main/INFO] [STDERR/]: [java.lang.Throwable$WrappedPrintStream:println:748]: 	at java.security.SecureClassLoader.defineClass(SecureClassLoader.java:142)
[20:28:19] [main/INFO] [STDERR/]: [java.lang.Throwable$WrappedPrintStream:println:748]: 	at java.net.URLClassLoader.defineClass(URLClassLoader.java:467)
[20:28:19] [main/INFO] [STDERR/]: [java.lang.Throwable$WrappedPrintStream:println:748]: 	at java.net.URLClassLoader.access$100(URLClassLoader.java:73)
[20:28:19] [main/INFO] [STDERR/]: [java.lang.Throwable$WrappedPrintStream:println:748]: 	at java.net.URLClassLoader$1.run(URLClassLoader.java:368)
[20:28:19] [main/INFO] [STDERR/]: [java.lang.Throwable$WrappedPrintStream:println:748]: 	at java.net.URLClassLoader$1.run(URLClassLoader.java:362)
[20:28:19] [main/INFO] [STDERR/]: [java.lang.Throwable$WrappedPrintStream:println:748]: 	at java.security.AccessController.doPrivileged(Native Method)
[20:28:19] [main/INFO] [STDERR/]: [java.lang.Throwable$WrappedPrintStream:println:748]: 	at java.net.URLClassLoader.findClass(URLClassLoader.java:361)
[20:28:19] [main/INFO] [STDERR/]: [java.lang.Throwable$WrappedPrintStream:println:748]: 	at net.minecraft.launchwrapper.LaunchClassLoader.findClass(LaunchClassLoader.java:117)
[20:28:19] [main/INFO] [STDERR/]: [java.lang.Throwable$WrappedPrintStream:println:748]: 	at java.lang.ClassLoader.loadClass(ClassLoader.java:424)
[20:28:19] [main/INFO] [STDERR/]: [java.lang.Throwable$WrappedPrintStream:println:748]: 	at java.lang.ClassLoader.loadClass(ClassLoader.java:357)
[20:28:19] [main/INFO] [STDERR/]: [java.lang.Throwable$WrappedPrintStream:println:748]: 	at java.lang.Class.forName0(Native Method)
[20:28:19] [main/INFO] [STDERR/]: [java.lang.Throwable$WrappedPrintStream:println:748]: 	at java.lang.Class.forName(Class.java:348)
[20:28:19] [main/INFO] [STDERR/]: [java.lang.Throwable$WrappedPrintStream:println:748]: 	at cpw.mods.fml.relauncher.CoreModManager.loadCoreMod(CoreModManager.java:485)
[20:28:19] [main/INFO] [STDERR/]: [java.lang.Throwable$WrappedPrintStream:println:748]: 	at cpw.mods.fml.relauncher.CoreModManager.discoverCoreMods(CoreModManager.java:414)
[20:28:19] [main/INFO] [STDERR/]: [java.lang.Throwable$WrappedPrintStream:println:748]: 	at cpw.mods.fml.relauncher.CoreModManager.handleLaunch(CoreModManager.java:225)
[20:28:19] [main/INFO] [STDERR/]: [java.lang.Throwable$WrappedPrintStream:println:748]: 	at cpw.mods.fml.relauncher.FMLLaunchHandler.setupHome(FMLLaunchHandler.java:90)
[20:28:19] [main/INFO] [STDERR/]: [java.lang.Throwable$WrappedPrintStream:println:748]: 	at cpw.mods.fml.relauncher.FMLLaunchHandler.setupServer(FMLLaunchHandler.java:74)
[20:28:19] [main/INFO] [STDERR/]: [java.lang.Throwable$WrappedPrintStream:println:748]: 	at cpw.mods.fml.relauncher.FMLLaunchHandler.configureForServerLaunch(FMLLaunchHandler.java:39)
[20:28:19] [main/INFO] [STDERR/]: [java.lang.Throwable$WrappedPrintStream:println:748]: 	at cpw.mods.fml.common.launcher.FMLServerTweaker.injectIntoClassLoader(FMLServerTweaker.java:23)
[20:28:19] [main/INFO] [STDERR/]: [java.lang.Throwable$WrappedPrintStream:println:748]: 	at net.minecraft.launchwrapper.Launch.launch(Launch.java:115)
[20:28:19] [main/INFO] [STDERR/]: [java.lang.Throwable$WrappedPrintStream:println:748]: 	at net.minecraft.launchwrapper.Launch.main(Launch.java:28)
[20:28:19] [main/INFO] [STDERR/]: [java.lang.Throwable$WrappedPrintStream:println:748]: 	at sun.reflect.NativeMethodAccessorImpl.invoke0(Native Method)
[20:28:19] [main/INFO] [STDERR/]: [java.lang.Throwable$WrappedPrintStream:println:748]: 	at sun.reflect.NativeMethodAccessorImpl.invoke(NativeMethodAccessorImpl.java:62)
[20:28:19] [main/INFO] [STDERR/]: [java.lang.Throwable$WrappedPrintStream:println:748]: 	at sun.reflect.DelegatingMethodAccessorImpl.invoke(DelegatingMethodAccessorImpl.java:43)
[20:28:19] [main/INFO] [STDERR/]: [java.lang.Throwable$WrappedPrintStream:println:748]: 	at java.lang.reflect.Method.invoke(Method.java:498)
[20:28:19] [main/INFO] [STDERR/]: [java.lang.Throwable$WrappedPrintStream:println:748]: 	at cpw.mods.fml.relauncher.ServerLaunchWrapper.run(ServerLaunchWrapper.java:43)
[20:28:19] [main/INFO] [STDERR/]: [java.lang.Throwable$WrappedPrintStream:println:748]: 	at cpw.mods.fml.relauncher.ServerLaunchWrapper.main(ServerLaunchWrapper.java:12)
[20:28:19] [main/INFO] [STDERR/]: [java.lang.Throwable$WrappedPrintStream:println:748]: Caused by: java.lang.ClassNotFoundException: net.minecraftforge.fml.relauncher.IFMLLoadingPlugin
[20:28:19] [main/INFO] [STDERR/]: [java.lang.Throwable$WrappedPrintStream:println:748]: 	at net.minecraft.launchwrapper.LaunchClassLoader.findClass(LaunchClassLoader.java:191)
[20:28:19] [main/INFO] [STDERR/]: [java.lang.Throwable$WrappedPrintStream:println:748]: 	at java.lang.ClassLoader.loadClass(ClassLoader.java:424)
[20:28:19] [main/INFO] [STDERR/]: [java.lang.Throwable$WrappedPrintStream:println:748]: 	at java.lang.ClassLoader.loadClass(ClassLoader.java:357)
[20:28:19] [main/INFO] [STDERR/]: [java.lang.Throwable$WrappedPrintStream:println:748]: 	... 29 more
[20:28:19] [main/INFO] [STDERR/]: [java.lang.Throwable$WrappedPrintStream:println:748]: Caused by: java.lang.NullPointerException
[20:28:19] [main/INFO] [STDERR/]: [java.lang.Throwable$WrappedPrintStream:println:748]: 	at net.minecraft.launchwrapper.LaunchClassLoader.findClass(LaunchClassLoader.java:182)
[20:28:19] [main/INFO] [STDERR/]: [java.lang.Throwable$WrappedPrintStream:println:748]: 	... 31 more
[20:28:19] [main/ERROR] [FML/]: An error occurred trying to configure the minecraft home at /home/th/. for Forge Mod Loader
java.lang.NoClassDefFoundError: net/minecraftforge/fml/relauncher/IFMLLoadingPlugin
	at java.lang.ClassLoader.defineClass1(Native Method) ~[?:1.8.0_121]
	at java.lang.ClassLoader.defineClass(ClassLoader.java:763) ~[?:1.8.0_121]
	at java.security.SecureClassLoader.defineClass(SecureClassLoader.java:142) ~[?:1.8.0_121]
	at java.net.URLClassLoader.defineClass(URLClassLoader.java:467) ~[?:1.8.0_121]
	at java.net.URLClassLoader.access$100(URLClassLoader.java:73) ~[?:1.8.0_121]
	at java.net.URLClassLoader$1.run(URLClassLoader.java:368) ~[?:1.8.0_121]
	at java.net.URLClassLoader$1.run(URLClassLoader.java:362) ~[?:1.8.0_121]
	at java.security.AccessController.doPrivileged(Native Method) ~[?:1.8.0_121]
	at java.net.URLClassLoader.findClass(URLClassLoader.java:361) ~[?:1.8.0_121]
	at net.minecraft.launchwrapper.LaunchClassLoader.findClass(LaunchClassLoader.java:117) ~[launchwrapper-1.12.jar:?]
	at java.lang.ClassLoader.loadClass(ClassLoader.java:424) ~[?:1.8.0_121]
	at java.lang.ClassLoader.loadClass(ClassLoader.java:357) ~[?:1.8.0_121]
	at java.lang.Class.forName0(Native Method) ~[?:1.8.0_121]
	at java.lang.Class.forName(Class.java:348) ~[?:1.8.0_121]
	at cpw.mods.fml.relauncher.CoreModManager.loadCoreMod(CoreModManager.java:485) ~[Thermos-1.7.10-1614-server.jar:1.7.10-1614.58]
	at cpw.mods.fml.relauncher.CoreModManager.discoverCoreMods(CoreModManager.java:414) ~[Thermos-1.7.10-1614-server.jar:1.7.10-1614.58]
	at cpw.mods.fml.relauncher.CoreModManager.handleLaunch(CoreModManager.java:225) ~[Thermos-1.7.10-1614-server.jar:1.7.10-1614.58]
	at cpw.mods.fml.relauncher.FMLLaunchHandler.setupHome(FMLLaunchHandler.java:90) [Thermos-1.7.10-1614-server.jar:1.7.10-1614.58]
	at cpw.mods.fml.relauncher.FMLLaunchHandler.setupServer(FMLLaunchHandler.java:74) [Thermos-1.7.10-1614-server.jar:1.7.10-1614.58]
	at cpw.mods.fml.relauncher.FMLLaunchHandler.configureForServerLaunch(FMLLaunchHandler.java:39) [Thermos-1.7.10-1614-server.jar:1.7.10-1614.58]
	at cpw.mods.fml.common.launcher.FMLServerTweaker.injectIntoClassLoader(FMLServerTweaker.java:23) [Thermos-1.7.10-1614-server.jar:1.7.10-1614.58]
	at net.minecraft.launchwrapper.Launch.launch(Launch.java:115) [launchwrapper-1.12.jar:?]
	at net.minecraft.launchwrapper.Launch.main(Launch.java:28) [launchwrapper-1.12.jar:?]
	at sun.reflect.NativeMethodAccessorImpl.invoke0(Native Method) ~[?:1.8.0_121]
	at sun.reflect.NativeMethodAccessorImpl.invoke(NativeMethodAccessorImpl.java:62) ~[?:1.8.0_121]
	at sun.reflect.DelegatingMethodAccessorImpl.invoke(DelegatingMethodAccessorImpl.java:43) ~[?:1.8.0_121]
	at java.lang.reflect.Method.invoke(Method.java:498) ~[?:1.8.0_121]
	at cpw.mods.fml.relauncher.ServerLaunchWrapper.run(ServerLaunchWrapper.java:43) [Thermos-1.7.10-1614-server.jar:1.7.10-1614.58]
	at cpw.mods.fml.relauncher.ServerLaunchWrapper.main(ServerLaunchWrapper.java:12) [Thermos-1.7.10-1614-server.jar:1.7.10-1614.58]
Caused by: java.lang.ClassNotFoundException: net.minecraftforge.fml.relauncher.IFMLLoadingPlugin
	at net.minecraft.launchwrapper.LaunchClassLoader.findClass(LaunchClassLoader.java:191) ~[launchwrapper-1.12.jar:?]
	at java.lang.ClassLoader.loadClass(ClassLoader.java:424) ~[?:1.8.0_121]
	at java.lang.ClassLoader.loadClass(ClassLoader.java:357) ~[?:1.8.0_121]
	... 29 more
Caused by: java.lang.NullPointerException
	at net.minecraft.launchwrapper.LaunchClassLoader.findClass(LaunchClassLoader.java:182) ~[launchwrapper-1.12.jar:?]
	at java.lang.ClassLoader.loadClass(ClassLoader.java:424) ~[?:1.8.0_121]
	at java.lang.ClassLoader.loadClass(ClassLoader.java:357) ~[?:1.8.0_121]
	... 29 more
[20:28:19] [main/INFO] [STDERR/]: [java.lang.Throwable$WrappedPrintStream:println:748]: java.lang.reflect.InvocationTargetException
[20:28:19] [main/INFO] [STDERR/]: [java.lang.Throwable$WrappedPrintStream:println:748]: 	at sun.reflect.NativeMethodAccessorImpl.invoke0(Native Method)
[20:28:19] [main/INFO] [STDERR/]: [java.lang.Throwable$WrappedPrintStream:println:748]: 	at sun.reflect.NativeMethodAccessorImpl.invoke(NativeMethodAccessorImpl.java:62)
[20:28:19] [main/INFO] [STDERR/]: [java.lang.Throwable$WrappedPrintStream:println:748]: 	at sun.reflect.DelegatingMethodAccessorImpl.invoke(DelegatingMethodAccessorImpl.java:43)
[20:28:19] [main/INFO] [STDERR/]: [java.lang.Throwable$WrappedPrintStream:println:748]: 	at java.lang.reflect.Method.invoke(Method.java:498)
[20:28:19] [main/INFO] [STDERR/]: [java.lang.Throwable$WrappedPrintStream:println:748]: 	at cpw.mods.fml.relauncher.ServerLaunchWrapper.run(ServerLaunchWrapper.java:43)
[20:28:19] [main/INFO] [STDERR/]: [java.lang.Throwable$WrappedPrintStream:println:748]: 	at cpw.mods.fml.relauncher.ServerLaunchWrapper.main(ServerLaunchWrapper.java:12)
[20:28:19] [main/INFO] [STDERR/]: [java.lang.Throwable$WrappedPrintStream:println:748]: Caused by: java.lang.NoClassDefFoundError: net/minecraftforge/fml/relauncher/IFMLLoadingPlugin
[20:28:19] [main/INFO] [STDERR/]: [java.lang.Throwable$WrappedPrintStream:println:748]: 	at java.lang.ClassLoader.defineClass1(Native Method)
[20:28:19] [main/INFO] [STDERR/]: [java.lang.Throwable$WrappedPrintStream:println:748]: 	at java.lang.ClassLoader.defineClass(ClassLoader.java:763)
[20:28:19] [main/INFO] [STDERR/]: [java.lang.Throwable$WrappedPrintStream:println:748]: 	at java.security.SecureClassLoader.defineClass(SecureClassLoader.java:142)
[20:28:19] [main/INFO] [STDERR/]: [java.lang.Throwable$WrappedPrintStream:println:748]: 	at java.net.URLClassLoader.defineClass(URLClassLoader.java:467)
[20:28:19] [main/INFO] [STDERR/]: [java.lang.Throwable$WrappedPrintStream:println:748]: 	at java.net.URLClassLoader.access$100(URLClassLoader.java:73)
[20:28:19] [main/INFO] [STDERR/]: [java.lang.Throwable$WrappedPrintStream:println:748]: 	at java.net.URLClassLoader$1.run(URLClassLoader.java:368)
[20:28:19] [main/INFO] [STDERR/]: [java.lang.Throwable$WrappedPrintStream:println:748]: 	at java.net.URLClassLoader$1.run(URLClassLoader.java:362)
[20:28:19] [main/INFO] [STDERR/]: [java.lang.Throwable$WrappedPrintStream:println:748]: 	at java.security.AccessController.doPrivileged(Native Method)
[20:28:19] [main/INFO] [STDERR/]: [java.lang.Throwable$WrappedPrintStream:println:748]: 	at java.net.URLClassLoader.findClass(URLClassLoader.java:361)
[20:28:19] [main/INFO] [STDERR/]: [java.lang.Throwable$WrappedPrintStream:println:748]: 	at net.minecraft.launchwrapper.LaunchClassLoader.findClass(LaunchClassLoader.java:117)
[20:28:19] [main/INFO] [STDERR/]: [java.lang.Throwable$WrappedPrintStream:println:748]: 	at java.lang.ClassLoader.loadClass(ClassLoader.java:424)
[20:28:19] [main/INFO] [STDERR/]: [java.lang.Throwable$WrappedPrintStream:println:748]: 	at java.lang.ClassLoader.loadClass(ClassLoader.java:357)
[20:28:19] [main/INFO] [STDERR/]: [java.lang.Throwable$WrappedPrintStream:println:748]: 	at java.lang.Class.forName0(Native Method)
[20:28:19] [main/INFO] [STDERR/]: [java.lang.Throwable$WrappedPrintStream:println:748]: 	at java.lang.Class.forName(Class.java:348)
[20:28:19] [main/INFO] [STDERR/]: [java.lang.Throwable$WrappedPrintStream:println:748]: 	at cpw.mods.fml.relauncher.CoreModManager.loadCoreMod(CoreModManager.java:485)
[20:28:19] [main/INFO] [STDERR/]: [java.lang.Throwable$WrappedPrintStream:println:748]: 	at cpw.mods.fml.relauncher.CoreModManager.discoverCoreMods(CoreModManager.java:414)
[20:28:19] [main/INFO] [STDERR/]: [java.lang.Throwable$WrappedPrintStream:println:748]: 	at cpw.mods.fml.relauncher.CoreModManager.handleLaunch(CoreModManager.java:225)
[20:28:19] [main/INFO] [STDERR/]: [java.lang.Throwable$WrappedPrintStream:println:748]: 	at cpw.mods.fml.relauncher.FMLLaunchHandler.setupHome(FMLLaunchHandler.java:90)
[20:28:19] [main/INFO] [STDERR/]: [java.lang.Throwable$WrappedPrintStream:println:748]: 	at cpw.mods.fml.relauncher.FMLLaunchHandler.setupServer(FMLLaunchHandler.java:74)
[20:28:19] [main/INFO] [STDERR/]: [java.lang.Throwable$WrappedPrintStream:println:748]: 	at cpw.mods.fml.relauncher.FMLLaunchHandler.configureForServerLaunch(FMLLaunchHandler.java:39)
[20:28:19] [main/INFO] [STDERR/]: [java.lang.Throwable$WrappedPrintStream:println:748]: 	at cpw.mods.fml.common.launcher.FMLServerTweaker.injectIntoClassLoader(FMLServerTweaker.java:23)
[20:28:19] [main/INFO] [STDERR/]: [java.lang.Throwable$WrappedPrintStream:println:748]: 	at net.minecraft.launchwrapper.Launch.launch(Launch.java:115)
[20:28:19] [main/INFO] [STDERR/]: [java.lang.Throwable$WrappedPrintStream:println:748]: 	at net.minecraft.launchwrapper.Launch.main(Launch.java:28)
[20:28:19] [main/INFO] [STDERR/]: [java.lang.Throwable$WrappedPrintStream:println:748]: 	... 6 more
[20:28:19] [main/INFO] [STDERR/]: [java.lang.Throwable$WrappedPrintStream:println:748]: Caused by: java.lang.ClassNotFoundException: net.minecraftforge.fml.relauncher.IFMLLoadingPlugin
[20:28:19] [main/INFO] [STDERR/]: [java.lang.Throwable$WrappedPrintStream:println:748]: 	at net.minecraft.launchwrapper.LaunchClassLoader.findClass(LaunchClassLoader.java:191)
[20:28:19] [main/INFO] [STDERR/]: [java.lang.Throwable$WrappedPrintStream:println:748]: 	at java.lang.ClassLoader.loadClass(ClassLoader.java:424)
[20:28:19] [main/INFO] [STDERR/]: [java.lang.Throwable$WrappedPrintStream:println:748]: 	at java.lang.ClassLoader.loadClass(ClassLoader.java:357)
[20:28:19] [main/INFO] [STDERR/]: [java.lang.Throwable$WrappedPrintStream:println:748]: 	... 29 more
[20:28:19] [main/INFO] [STDERR/]: [java.lang.Throwable$WrappedPrintStream:println:748]: Caused by: java.lang.NullPointerException
[20:28:19] [main/INFO] [STDERR/]: [java.lang.Throwable$WrappedPrintStream:println:748]: 	at net.minecraft.launchwrapper.LaunchClassLoader.findClass(LaunchClassLoader.java:182)
[20:28:19] [main/INFO] [STDERR/]: [java.lang.Throwable$WrappedPrintStream:println:748]: 	... 31 more
